2022-01-18 01:43:37.921  INFO 10016 --- [main] c.i.p.IngerenciaPostulacionApplication   : Starting IngerenciaPostulacionApplication using Java 11.0.12 on DESKTOP-TUF16R8 with PID 10016 (C:\Users\xinop\OneDrive\Documents\dev\ingerencia-postulacion\target\classes started by xinop in C:\Users\xinop\OneDrive\Documents\dev\ingerencia-postulacion)
2022-01-18 01:43:37.923  INFO 10016 --- [main] c.i.p.IngerenciaPostulacionApplication   : No active profile set, falling back to default profiles: default
2022-01-18 01:43:38.452  INFO 10016 --- [main] o.s.cloud.context.scope.GenericScope     : BeanFactory id=a86f71e5-fe03-3d06-a0d2-c799fe68db49
2022-01-18 01:43:38.590  INFO 10016 --- [main] o.s.b.w.embedded.tomcat.TomcatWebServer  : Tomcat initialized with port(s): 8080 (http)
2022-01-18 01:43:38.596  INFO 10016 --- [main] o.apache.catalina.core.StandardService   : Starting service [Tomcat]
2022-01-18 01:43:38.596  INFO 10016 --- [main] org.apache.catalina.core.StandardEngine  : Starting Servlet engine: [Apache Tomcat/9.0.56]
2022-01-18 01:43:38.653  INFO 10016 --- [main] o.a.c.c.C.[Tomcat].[localhost].[/api]    : Initializing Spring embedded WebApplicationContext
2022-01-18 01:43:38.653  INFO 10016 --- [main] w.s.c.ServletWebServerApplicationContext : Root WebApplicationContext: initialization completed in 706 ms
2022-01-18 01:43:39.095  INFO 10016 --- [main] o.s.b.w.embedded.tomcat.TomcatWebServer  : Tomcat started on port(s): 8080 (http) with context path '/api'
2022-01-18 01:43:39.267  INFO 10016 --- [main] c.i.p.IngerenciaPostulacionApplication   : Started IngerenciaPostulacionApplication in 1.727 seconds (JVM running for 2.228)
2022-01-18 02:04:45.521  INFO 9036 --- [main] c.i.p.IngerenciaPostulacionApplication   : Starting IngerenciaPostulacionApplication using Java 11.0.12 on DESKTOP-TUF16R8 with PID 9036 (C:\Users\xinop\OneDrive\Documents\dev\ingerencia-postulacion\target\classes started by xinop in C:\Users\xinop\OneDrive\Documents\dev\ingerencia-postulacion)
2022-01-18 02:04:45.522  INFO 9036 --- [main] c.i.p.IngerenciaPostulacionApplication   : No active profile set, falling back to default profiles: default
2022-01-18 02:04:46.052  INFO 9036 --- [main] o.s.cloud.context.scope.GenericScope     : BeanFactory id=a86f71e5-fe03-3d06-a0d2-c799fe68db49
2022-01-18 02:04:46.190  INFO 9036 --- [main] o.s.b.w.embedded.tomcat.TomcatWebServer  : Tomcat initialized with port(s): 8080 (http)
2022-01-18 02:04:46.194  INFO 9036 --- [main] o.apache.catalina.core.StandardService   : Starting service [Tomcat]
2022-01-18 02:04:46.195  INFO 9036 --- [main] org.apache.catalina.core.StandardEngine  : Starting Servlet engine: [Apache Tomcat/9.0.56]
2022-01-18 02:04:46.249  INFO 9036 --- [main] o.a.c.c.C.[Tomcat].[localhost].[/api]    : Initializing Spring embedded WebApplicationContext
2022-01-18 02:04:46.249  INFO 9036 --- [main] w.s.c.ServletWebServerApplicationContext : Root WebApplicationContext: initialization completed in 705 ms
2022-01-18 02:04:46.696  INFO 9036 --- [main] o.s.b.w.embedded.tomcat.TomcatWebServer  : Tomcat started on port(s): 8080 (http) with context path '/api'
2022-01-18 02:04:46.870  INFO 9036 --- [main] c.i.p.IngerenciaPostulacionApplication   : Started IngerenciaPostulacionApplication in 1.715 seconds (JVM running for 2.317)
2022-01-18 02:04:51.265  INFO 9036 --- [http-nio-8080-exec-1] o.a.c.c.C.[Tomcat].[localhost].[/api]    : Initializing Spring DispatcherServlet 'dispatcherServlet'
2022-01-18 02:04:51.266  INFO 9036 --- [http-nio-8080-exec-1] o.s.web.servlet.DispatcherServlet        : Initializing Servlet 'dispatcherServlet'
2022-01-18 02:04:51.267  INFO 9036 --- [http-nio-8080-exec-1] o.s.web.servlet.DispatcherServlet        : Completed initialization in 1 ms
2022-01-18 02:04:51.367 ERROR 9036 --- [http-nio-8080-exec-1] o.a.c.c.C.[.[.[.[dispatcherServlet]      : Servlet.service() for servlet [dispatcherServlet] in context with path [/api] threw exception [Request processing failed; nested exception is feign.FeignException: [301 Moved Permanently] during [GET] to [http://hn.algolia.com/api/v1/search_by_date?query=java] [HackerNewsClient#search(String)]: []] with root cause

feign.FeignException: [301 Moved Permanently] during [GET] to [http://hn.algolia.com/api/v1/search_by_date?query=java] [HackerNewsClient#search(String)]: []
	at feign.FeignException.errorStatus(FeignException.java:199) ~[feign-core-11.7.jar:na]
	at feign.FeignException.errorStatus(FeignException.java:185) ~[feign-core-11.7.jar:na]
	at feign.codec.ErrorDecoder$Default.decode(ErrorDecoder.java:92) ~[feign-core-11.7.jar:na]
	at feign.AsyncResponseHandler.handleResponse(AsyncResponseHandler.java:96) ~[feign-core-11.7.jar:na]
	at feign.SynchronousMethodHandler.executeAndDecode(SynchronousMethodHandler.java:138) ~[feign-core-11.7.jar:na]
	at feign.SynchronousMethodHandler.invoke(SynchronousMethodHandler.java:89) ~[feign-core-11.7.jar:na]
	at feign.ReflectiveFeign$FeignInvocationHandler.invoke(ReflectiveFeign.java:100) ~[feign-core-11.7.jar:na]
	at com.sun.proxy.$Proxy83.search(Unknown Source) ~[na:na]
	at cl.ingerencia.postulacion.service.impl.ArticleServiceImpl.getNews(ArticleServiceImpl.java:21) ~[classes/:na]
	at cl.ingerencia.postulacion.controller.ArticleController.getLatestNews(ArticleController.java:38) ~[classes/:na]
	at java.base/jdk.internal.reflect.NativeMethodAccessorImpl.invoke0(Native Method) ~[na:na]
	at java.base/jdk.internal.reflect.NativeMethodAccessorImpl.invoke(NativeMethodAccessorImpl.java:62) ~[na:na]
	at java.base/jdk.internal.reflect.DelegatingMethodAccessorImpl.invoke(DelegatingMethodAccessorImpl.java:43) ~[na:na]
	at java.base/java.lang.reflect.Method.invoke(Method.java:566) ~[na:na]
	at org.springframework.web.method.support.InvocableHandlerMethod.doInvoke(InvocableHandlerMethod.java:205) ~[spring-web-5.3.14.jar:5.3.14]
	at org.springframework.web.method.support.InvocableHandlerMethod.invokeForRequest(InvocableHandlerMethod.java:150) ~[spring-web-5.3.14.jar:5.3.14]
	at org.springframework.web.servlet.mvc.method.annotation.ServletInvocableHandlerMethod.invokeAndHandle(ServletInvocableHandlerMethod.java:117) ~[spring-webmvc-5.3.14.jar:5.3.14]
	at org.springframework.web.servlet.mvc.method.annotation.RequestMappingHandlerAdapter.invokeHandlerMethod(RequestMappingHandlerAdapter.java:895) ~[spring-webmvc-5.3.14.jar:5.3.14]
	at org.springframework.web.servlet.mvc.method.annotation.RequestMappingHandlerAdapter.handleInternal(RequestMappingHandlerAdapter.java:808) ~[spring-webmvc-5.3.14.jar:5.3.14]
	at org.springframework.web.servlet.mvc.method.AbstractHandlerMethodAdapter.handle(AbstractHandlerMethodAdapter.java:87) ~[spring-webmvc-5.3.14.jar:5.3.14]
	at org.springframework.web.servlet.DispatcherServlet.doDispatch(DispatcherServlet.java:1067) ~[spring-webmvc-5.3.14.jar:5.3.14]
	at org.springframework.web.servlet.DispatcherServlet.doService(DispatcherServlet.java:963) ~[spring-webmvc-5.3.14.jar:5.3.14]
	at org.springframework.web.servlet.FrameworkServlet.processRequest(FrameworkServlet.java:1006) ~[spring-webmvc-5.3.14.jar:5.3.14]
	at org.springframework.web.servlet.FrameworkServlet.doGet(FrameworkServlet.java:898) ~[spring-webmvc-5.3.14.jar:5.3.14]
	at javax.servlet.http.HttpServlet.service(HttpServlet.java:655) ~[tomcat-embed-core-9.0.56.jar:4.0.FR]
	at org.springframework.web.servlet.FrameworkServlet.service(FrameworkServlet.java:883) ~[spring-webmvc-5.3.14.jar:5.3.14]
	at javax.servlet.http.HttpServlet.service(HttpServlet.java:764) ~[tomcat-embed-core-9.0.56.jar:4.0.FR]
	at org.apache.catalina.core.ApplicationFilterChain.internalDoFilter(ApplicationFilterChain.java:227) ~[tomcat-embed-core-9.0.56.jar:9.0.56]
	at org.apache.catalina.core.ApplicationFilterChain.doFilter(ApplicationFilterChain.java:162) ~[tomcat-embed-core-9.0.56.jar:9.0.56]
	at org.apache.tomcat.websocket.server.WsFilter.doFilter(WsFilter.java:53) ~[tomcat-embed-websocket-9.0.56.jar:9.0.56]
	at org.apache.catalina.core.ApplicationFilterChain.internalDoFilter(ApplicationFilterChain.java:189) ~[tomcat-embed-core-9.0.56.jar:9.0.56]
	at org.apache.catalina.core.ApplicationFilterChain.doFilter(ApplicationFilterChain.java:162) ~[tomcat-embed-core-9.0.56.jar:9.0.56]
	at org.springframework.web.filter.RequestContextFilter.doFilterInternal(RequestContextFilter.java:100) ~[spring-web-5.3.14.jar:5.3.14]
	at org.springframework.web.filter.OncePerRequestFilter.doFilter(OncePerRequestFilter.java:117) ~[spring-web-5.3.14.jar:5.3.14]
	at org.apache.catalina.core.ApplicationFilterChain.internalDoFilter(ApplicationFilterChain.java:189) ~[tomcat-embed-core-9.0.56.jar:9.0.56]
	at org.apache.catalina.core.ApplicationFilterChain.doFilter(ApplicationFilterChain.java:162) ~[tomcat-embed-core-9.0.56.jar:9.0.56]
	at org.springframework.web.filter.FormContentFilter.doFilterInternal(FormContentFilter.java:93) ~[spring-web-5.3.14.jar:5.3.14]
	at org.springframework.web.filter.OncePerRequestFilter.doFilter(OncePerRequestFilter.java:117) ~[spring-web-5.3.14.jar:5.3.14]
	at org.apache.catalina.core.ApplicationFilterChain.internalDoFilter(ApplicationFilterChain.java:189) ~[tomcat-embed-core-9.0.56.jar:9.0.56]
	at org.apache.catalina.core.ApplicationFilterChain.doFilter(ApplicationFilterChain.java:162) ~[tomcat-embed-core-9.0.56.jar:9.0.56]
	at org.springframework.web.filter.CharacterEncodingFilter.doFilterInternal(CharacterEncodingFilter.java:201) ~[spring-web-5.3.14.jar:5.3.14]
	at org.springframework.web.filter.OncePerRequestFilter.doFilter(OncePerRequestFilter.java:117) ~[spring-web-5.3.14.jar:5.3.14]
	at org.apache.catalina.core.ApplicationFilterChain.internalDoFilter(ApplicationFilterChain.java:189) ~[tomcat-embed-core-9.0.56.jar:9.0.56]
	at org.apache.catalina.core.ApplicationFilterChain.doFilter(ApplicationFilterChain.java:162) ~[tomcat-embed-core-9.0.56.jar:9.0.56]
	at org.apache.catalina.core.StandardWrapperValve.invoke(StandardWrapperValve.java:197) ~[tomcat-embed-core-9.0.56.jar:9.0.56]
	at org.apache.catalina.core.StandardContextValve.invoke(StandardContextValve.java:97) ~[tomcat-embed-core-9.0.56.jar:9.0.56]
	at org.apache.catalina.authenticator.AuthenticatorBase.invoke(AuthenticatorBase.java:540) ~[tomcat-embed-core-9.0.56.jar:9.0.56]
	at org.apache.catalina.core.StandardHostValve.invoke(StandardHostValve.java:135) ~[tomcat-embed-core-9.0.56.jar:9.0.56]
	at org.apache.catalina.valves.ErrorReportValve.invoke(ErrorReportValve.java:92) ~[tomcat-embed-core-9.0.56.jar:9.0.56]
	at org.apache.catalina.core.StandardEngineValve.invoke(StandardEngineValve.java:78) ~[tomcat-embed-core-9.0.56.jar:9.0.56]
	at org.apache.catalina.connector.CoyoteAdapter.service(CoyoteAdapter.java:357) ~[tomcat-embed-core-9.0.56.jar:9.0.56]
	at org.apache.coyote.http11.Http11Processor.service(Http11Processor.java:382) ~[tomcat-embed-core-9.0.56.jar:9.0.56]
	at org.apache.coyote.AbstractProcessorLight.process(AbstractProcessorLight.java:65) ~[tomcat-embed-core-9.0.56.jar:9.0.56]
	at org.apache.coyote.AbstractProtocol$ConnectionHandler.process(AbstractProtocol.java:895) ~[tomcat-embed-core-9.0.56.jar:9.0.56]
	at org.apache.tomcat.util.net.NioEndpoint$SocketProcessor.doRun(NioEndpoint.java:1732) ~[tomcat-embed-core-9.0.56.jar:9.0.56]
	at org.apache.tomcat.util.net.SocketProcessorBase.run(SocketProcessorBase.java:49) ~[tomcat-embed-core-9.0.56.jar:9.0.56]
	at org.apache.tomcat.util.threads.ThreadPoolExecutor.runWorker(ThreadPoolExecutor.java:1191) ~[tomcat-embed-core-9.0.56.jar:9.0.56]
	at org.apache.tomcat.util.threads.ThreadPoolExecutor$Worker.run(ThreadPoolExecutor.java:659) ~[tomcat-embed-core-9.0.56.jar:9.0.56]
	at org.apache.tomcat.util.threads.TaskThread$WrappingRunnable.run(TaskThread.java:61) ~[tomcat-embed-core-9.0.56.jar:9.0.56]
	at java.base/java.lang.Thread.run(Thread.java:834) ~[na:na]

2022-01-18 02:05:35.010 ERROR 9036 --- [http-nio-8080-exec-4] o.a.c.c.C.[.[.[.[dispatcherServlet]      : Servlet.service() for servlet [dispatcherServlet] in context with path [/api] threw exception [Request processing failed; nested exception is feign.FeignException: [301 Moved Permanently] during [GET] to [http://hn.algolia.com/api/v1/search_by_date?query=java] [HackerNewsClient#search(String)]: []] with root cause

feign.FeignException: [301 Moved Permanently] during [GET] to [http://hn.algolia.com/api/v1/search_by_date?query=java] [HackerNewsClient#search(String)]: []
	at feign.FeignException.errorStatus(FeignException.java:199) ~[feign-core-11.7.jar:na]
	at feign.FeignException.errorStatus(FeignException.java:185) ~[feign-core-11.7.jar:na]
	at feign.codec.ErrorDecoder$Default.decode(ErrorDecoder.java:92) ~[feign-core-11.7.jar:na]
	at feign.AsyncResponseHandler.handleResponse(AsyncResponseHandler.java:96) ~[feign-core-11.7.jar:na]
	at feign.SynchronousMethodHandler.executeAndDecode(SynchronousMethodHandler.java:138) ~[feign-core-11.7.jar:na]
	at feign.SynchronousMethodHandler.invoke(SynchronousMethodHandler.java:89) ~[feign-core-11.7.jar:na]
	at feign.ReflectiveFeign$FeignInvocationHandler.invoke(ReflectiveFeign.java:100) ~[feign-core-11.7.jar:na]
	at com.sun.proxy.$Proxy83.search(Unknown Source) ~[na:na]
	at cl.ingerencia.postulacion.service.impl.ArticleServiceImpl.getNews(ArticleServiceImpl.java:21) ~[classes/:na]
	at cl.ingerencia.postulacion.controller.ArticleController.getLatestNews(ArticleController.java:38) ~[classes/:na]
	at java.base/jdk.internal.reflect.NativeMethodAccessorImpl.invoke0(Native Method) ~[na:na]
	at java.base/jdk.internal.reflect.NativeMethodAccessorImpl.invoke(NativeMethodAccessorImpl.java:62) ~[na:na]
	at java.base/jdk.internal.reflect.DelegatingMethodAccessorImpl.invoke(DelegatingMethodAccessorImpl.java:43) ~[na:na]
	at java.base/java.lang.reflect.Method.invoke(Method.java:566) ~[na:na]
	at org.springframework.web.method.support.InvocableHandlerMethod.doInvoke(InvocableHandlerMethod.java:205) ~[spring-web-5.3.14.jar:5.3.14]
	at org.springframework.web.method.support.InvocableHandlerMethod.invokeForRequest(InvocableHandlerMethod.java:150) ~[spring-web-5.3.14.jar:5.3.14]
	at org.springframework.web.servlet.mvc.method.annotation.ServletInvocableHandlerMethod.invokeAndHandle(ServletInvocableHandlerMethod.java:117) ~[spring-webmvc-5.3.14.jar:5.3.14]
	at org.springframework.web.servlet.mvc.method.annotation.RequestMappingHandlerAdapter.invokeHandlerMethod(RequestMappingHandlerAdapter.java:895) ~[spring-webmvc-5.3.14.jar:5.3.14]
	at org.springframework.web.servlet.mvc.method.annotation.RequestMappingHandlerAdapter.handleInternal(RequestMappingHandlerAdapter.java:808) ~[spring-webmvc-5.3.14.jar:5.3.14]
	at org.springframework.web.servlet.mvc.method.AbstractHandlerMethodAdapter.handle(AbstractHandlerMethodAdapter.java:87) ~[spring-webmvc-5.3.14.jar:5.3.14]
	at org.springframework.web.servlet.DispatcherServlet.doDispatch(DispatcherServlet.java:1067) ~[spring-webmvc-5.3.14.jar:5.3.14]
	at org.springframework.web.servlet.DispatcherServlet.doService(DispatcherServlet.java:963) ~[spring-webmvc-5.3.14.jar:5.3.14]
	at org.springframework.web.servlet.FrameworkServlet.processRequest(FrameworkServlet.java:1006) ~[spring-webmvc-5.3.14.jar:5.3.14]
	at org.springframework.web.servlet.FrameworkServlet.doGet(FrameworkServlet.java:898) ~[spring-webmvc-5.3.14.jar:5.3.14]
	at javax.servlet.http.HttpServlet.service(HttpServlet.java:655) ~[tomcat-embed-core-9.0.56.jar:4.0.FR]
	at org.springframework.web.servlet.FrameworkServlet.service(FrameworkServlet.java:883) ~[spring-webmvc-5.3.14.jar:5.3.14]
	at javax.servlet.http.HttpServlet.service(HttpServlet.java:764) ~[tomcat-embed-core-9.0.56.jar:4.0.FR]
	at org.apache.catalina.core.ApplicationFilterChain.internalDoFilter(ApplicationFilterChain.java:227) ~[tomcat-embed-core-9.0.56.jar:9.0.56]
	at org.apache.catalina.core.ApplicationFilterChain.doFilter(ApplicationFilterChain.java:162) ~[tomcat-embed-core-9.0.56.jar:9.0.56]
	at org.apache.tomcat.websocket.server.WsFilter.doFilter(WsFilter.java:53) ~[tomcat-embed-websocket-9.0.56.jar:9.0.56]
	at org.apache.catalina.core.ApplicationFilterChain.internalDoFilter(ApplicationFilterChain.java:189) ~[tomcat-embed-core-9.0.56.jar:9.0.56]
	at org.apache.catalina.core.ApplicationFilterChain.doFilter(ApplicationFilterChain.java:162) ~[tomcat-embed-core-9.0.56.jar:9.0.56]
	at org.springframework.web.filter.RequestContextFilter.doFilterInternal(RequestContextFilter.java:100) ~[spring-web-5.3.14.jar:5.3.14]
	at org.springframework.web.filter.OncePerRequestFilter.doFilter(OncePerRequestFilter.java:117) ~[spring-web-5.3.14.jar:5.3.14]
	at org.apache.catalina.core.ApplicationFilterChain.internalDoFilter(ApplicationFilterChain.java:189) ~[tomcat-embed-core-9.0.56.jar:9.0.56]
	at org.apache.catalina.core.ApplicationFilterChain.doFilter(ApplicationFilterChain.java:162) ~[tomcat-embed-core-9.0.56.jar:9.0.56]
	at org.springframework.web.filter.FormContentFilter.doFilterInternal(FormContentFilter.java:93) ~[spring-web-5.3.14.jar:5.3.14]
	at org.springframework.web.filter.OncePerRequestFilter.doFilter(OncePerRequestFilter.java:117) ~[spring-web-5.3.14.jar:5.3.14]
	at org.apache.catalina.core.ApplicationFilterChain.internalDoFilter(ApplicationFilterChain.java:189) ~[tomcat-embed-core-9.0.56.jar:9.0.56]
	at org.apache.catalina.core.ApplicationFilterChain.doFilter(ApplicationFilterChain.java:162) ~[tomcat-embed-core-9.0.56.jar:9.0.56]
	at org.springframework.web.filter.CharacterEncodingFilter.doFilterInternal(CharacterEncodingFilter.java:201) ~[spring-web-5.3.14.jar:5.3.14]
	at org.springframework.web.filter.OncePerRequestFilter.doFilter(OncePerRequestFilter.java:117) ~[spring-web-5.3.14.jar:5.3.14]
	at org.apache.catalina.core.ApplicationFilterChain.internalDoFilter(ApplicationFilterChain.java:189) ~[tomcat-embed-core-9.0.56.jar:9.0.56]
	at org.apache.catalina.core.ApplicationFilterChain.doFilter(ApplicationFilterChain.java:162) ~[tomcat-embed-core-9.0.56.jar:9.0.56]
	at org.apache.catalina.core.StandardWrapperValve.invoke(StandardWrapperValve.java:197) ~[tomcat-embed-core-9.0.56.jar:9.0.56]
	at org.apache.catalina.core.StandardContextValve.invoke(StandardContextValve.java:97) ~[tomcat-embed-core-9.0.56.jar:9.0.56]
	at org.apache.catalina.authenticator.AuthenticatorBase.invoke(AuthenticatorBase.java:540) ~[tomcat-embed-core-9.0.56.jar:9.0.56]
	at org.apache.catalina.core.StandardHostValve.invoke(StandardHostValve.java:135) ~[tomcat-embed-core-9.0.56.jar:9.0.56]
	at org.apache.catalina.valves.ErrorReportValve.invoke(ErrorReportValve.java:92) ~[tomcat-embed-core-9.0.56.jar:9.0.56]
	at org.apache.catalina.core.StandardEngineValve.invoke(StandardEngineValve.java:78) ~[tomcat-embed-core-9.0.56.jar:9.0.56]
	at org.apache.catalina.connector.CoyoteAdapter.service(CoyoteAdapter.java:357) ~[tomcat-embed-core-9.0.56.jar:9.0.56]
	at org.apache.coyote.http11.Http11Processor.service(Http11Processor.java:382) ~[tomcat-embed-core-9.0.56.jar:9.0.56]
	at org.apache.coyote.AbstractProcessorLight.process(AbstractProcessorLight.java:65) ~[tomcat-embed-core-9.0.56.jar:9.0.56]
	at org.apache.coyote.AbstractProtocol$ConnectionHandler.process(AbstractProtocol.java:895) ~[tomcat-embed-core-9.0.56.jar:9.0.56]
	at org.apache.tomcat.util.net.NioEndpoint$SocketProcessor.doRun(NioEndpoint.java:1732) ~[tomcat-embed-core-9.0.56.jar:9.0.56]
	at org.apache.tomcat.util.net.SocketProcessorBase.run(SocketProcessorBase.java:49) ~[tomcat-embed-core-9.0.56.jar:9.0.56]
	at org.apache.tomcat.util.threads.ThreadPoolExecutor.runWorker(ThreadPoolExecutor.java:1191) ~[tomcat-embed-core-9.0.56.jar:9.0.56]
	at org.apache.tomcat.util.threads.ThreadPoolExecutor$Worker.run(ThreadPoolExecutor.java:659) ~[tomcat-embed-core-9.0.56.jar:9.0.56]
	at org.apache.tomcat.util.threads.TaskThread$WrappingRunnable.run(TaskThread.java:61) ~[tomcat-embed-core-9.0.56.jar:9.0.56]
	at java.base/java.lang.Thread.run(Thread.java:834) ~[na:na]

2022-01-18 02:09:35.183  INFO 14504 --- [main] c.i.p.IngerenciaPostulacionApplication   : Starting IngerenciaPostulacionApplication using Java 11.0.12 on DESKTOP-TUF16R8 with PID 14504 (C:\Users\xinop\OneDrive\Documents\dev\ingerencia-postulacion\target\classes started by xinop in C:\Users\xinop\OneDrive\Documents\dev\ingerencia-postulacion)
2022-01-18 02:09:35.184  INFO 14504 --- [main] c.i.p.IngerenciaPostulacionApplication   : No active profile set, falling back to default profiles: default
2022-01-18 02:09:35.702  INFO 14504 --- [main] o.s.cloud.context.scope.GenericScope     : BeanFactory id=a86f71e5-fe03-3d06-a0d2-c799fe68db49
2022-01-18 02:09:35.839  INFO 14504 --- [main] o.s.b.w.embedded.tomcat.TomcatWebServer  : Tomcat initialized with port(s): 8080 (http)
2022-01-18 02:09:35.843  INFO 14504 --- [main] o.apache.catalina.core.StandardService   : Starting service [Tomcat]
2022-01-18 02:09:35.844  INFO 14504 --- [main] org.apache.catalina.core.StandardEngine  : Starting Servlet engine: [Apache Tomcat/9.0.56]
2022-01-18 02:09:35.899  INFO 14504 --- [main] o.a.c.c.C.[Tomcat].[localhost].[/api]    : Initializing Spring embedded WebApplicationContext
2022-01-18 02:09:35.899  INFO 14504 --- [main] w.s.c.ServletWebServerApplicationContext : Root WebApplicationContext: initialization completed in 692 ms
2022-01-18 02:09:36.349  INFO 14504 --- [main] o.s.b.w.embedded.tomcat.TomcatWebServer  : Tomcat started on port(s): 8080 (http) with context path '/api'
2022-01-18 02:09:36.534  INFO 14504 --- [main] c.i.p.IngerenciaPostulacionApplication   : Started IngerenciaPostulacionApplication in 1.692 seconds (JVM running for 2.157)
2022-01-18 02:09:39.034  INFO 14504 --- [http-nio-8080-exec-2] o.a.c.c.C.[Tomcat].[localhost].[/api]    : Initializing Spring DispatcherServlet 'dispatcherServlet'
2022-01-18 02:09:39.035  INFO 14504 --- [http-nio-8080-exec-2] o.s.web.servlet.DispatcherServlet        : Initializing Servlet 'dispatcherServlet'
2022-01-18 02:09:39.036  INFO 14504 --- [http-nio-8080-exec-2] o.s.web.servlet.DispatcherServlet        : Completed initialization in 1 ms
2022-01-18 02:09:46.726  INFO 8088 --- [main] c.i.p.IngerenciaPostulacionApplication   : Starting IngerenciaPostulacionApplication using Java 11.0.12 on DESKTOP-TUF16R8 with PID 8088 (C:\Users\xinop\OneDrive\Documents\dev\ingerencia-postulacion\target\classes started by xinop in C:\Users\xinop\OneDrive\Documents\dev\ingerencia-postulacion)
2022-01-18 02:09:46.728  INFO 8088 --- [main] c.i.p.IngerenciaPostulacionApplication   : No active profile set, falling back to default profiles: default
2022-01-18 02:09:47.293  INFO 8088 --- [main] o.s.cloud.context.scope.GenericScope     : BeanFactory id=a86f71e5-fe03-3d06-a0d2-c799fe68db49
2022-01-18 02:09:47.462  INFO 8088 --- [main] o.s.b.w.embedded.tomcat.TomcatWebServer  : Tomcat initialized with port(s): 8080 (http)
2022-01-18 02:09:47.467  INFO 8088 --- [main] o.apache.catalina.core.StandardService   : Starting service [Tomcat]
2022-01-18 02:09:47.468  INFO 8088 --- [main] org.apache.catalina.core.StandardEngine  : Starting Servlet engine: [Apache Tomcat/9.0.56]
2022-01-18 02:09:47.535  INFO 8088 --- [main] o.a.c.c.C.[Tomcat].[localhost].[/api]    : Initializing Spring embedded WebApplicationContext
2022-01-18 02:09:47.536  INFO 8088 --- [main] w.s.c.ServletWebServerApplicationContext : Root WebApplicationContext: initialization completed in 781 ms
2022-01-18 02:09:48.041  INFO 8088 --- [main] o.s.b.w.embedded.tomcat.TomcatWebServer  : Tomcat started on port(s): 8080 (http) with context path '/api'
2022-01-18 02:09:48.227  INFO 8088 --- [main] c.i.p.IngerenciaPostulacionApplication   : Started IngerenciaPostulacionApplication in 1.896 seconds (JVM running for 2.438)
2022-01-18 02:09:52.159  INFO 8088 --- [http-nio-8080-exec-2] o.a.c.c.C.[Tomcat].[localhost].[/api]    : Initializing Spring DispatcherServlet 'dispatcherServlet'
2022-01-18 02:09:52.159  INFO 8088 --- [http-nio-8080-exec-2] o.s.web.servlet.DispatcherServlet        : Initializing Servlet 'dispatcherServlet'
2022-01-18 02:09:52.160  INFO 8088 --- [http-nio-8080-exec-2] o.s.web.servlet.DispatcherServlet        : Completed initialization in 1 ms
2022-01-18 02:15:42.613  INFO 21356 --- [main] c.i.p.IngerenciaPostulacionApplication   : Starting IngerenciaPostulacionApplication using Java 11.0.12 on DESKTOP-TUF16R8 with PID 21356 (C:\Users\xinop\OneDrive\Documents\dev\ingerencia-postulacion\target\classes started by xinop in C:\Users\xinop\OneDrive\Documents\dev\ingerencia-postulacion)
2022-01-18 02:15:42.614  INFO 21356 --- [main] c.i.p.IngerenciaPostulacionApplication   : No active profile set, falling back to default profiles: default
2022-01-18 02:15:43.193  INFO 21356 --- [main] o.s.cloud.context.scope.GenericScope     : BeanFactory id=a86f71e5-fe03-3d06-a0d2-c799fe68db49
2022-01-18 02:15:43.344  INFO 21356 --- [main] o.s.b.w.embedded.tomcat.TomcatWebServer  : Tomcat initialized with port(s): 8080 (http)
2022-01-18 02:15:43.351  INFO 21356 --- [main] o.apache.catalina.core.StandardService   : Starting service [Tomcat]
2022-01-18 02:15:43.351  INFO 21356 --- [main] org.apache.catalina.core.StandardEngine  : Starting Servlet engine: [Apache Tomcat/9.0.56]
2022-01-18 02:15:43.425  INFO 21356 --- [main] o.a.c.c.C.[Tomcat].[localhost].[/api]    : Initializing Spring embedded WebApplicationContext
2022-01-18 02:15:43.425  INFO 21356 --- [main] w.s.c.ServletWebServerApplicationContext : Root WebApplicationContext: initialization completed in 788 ms
2022-01-18 02:15:43.921  INFO 21356 --- [main] o.s.b.w.embedded.tomcat.TomcatWebServer  : Tomcat started on port(s): 8080 (http) with context path '/api'
2022-01-18 02:15:44.099  INFO 21356 --- [main] c.i.p.IngerenciaPostulacionApplication   : Started IngerenciaPostulacionApplication in 1.918 seconds (JVM running for 2.533)
2022-01-18 02:15:55.101  INFO 21356 --- [http-nio-8080-exec-2] o.a.c.c.C.[Tomcat].[localhost].[/api]    : Initializing Spring DispatcherServlet 'dispatcherServlet'
2022-01-18 02:15:55.102  INFO 21356 --- [http-nio-8080-exec-2] o.s.web.servlet.DispatcherServlet        : Initializing Servlet 'dispatcherServlet'
2022-01-18 02:15:55.103  INFO 21356 --- [http-nio-8080-exec-2] o.s.web.servlet.DispatcherServlet        : Completed initialization in 1 ms
2022-01-18 02:29:01.717  INFO 816 --- [main] .p.IngerenciaPostulacionApplicationTests : Starting IngerenciaPostulacionApplicationTests using Java 11.0.12 on DESKTOP-TUF16R8 with PID 816 (started by xinop in C:\Users\xinop\OneDrive\Documents\dev\ingerencia-postulacion)
2022-01-18 02:29:01.718  INFO 816 --- [main] .p.IngerenciaPostulacionApplicationTests : No active profile set, falling back to default profiles: default
2022-01-18 02:29:02.407  INFO 816 --- [main] o.s.cloud.context.scope.GenericScope     : BeanFactory id=0a0a6ec0-73df-3110-9ecd-db5b785394d8
2022-01-18 02:29:03.681  INFO 816 --- [main] .p.IngerenciaPostulacionApplicationTests : Started IngerenciaPostulacionApplicationTests in 2.291 seconds (JVM running for 2.974)
2022-01-18 02:29:25.676  INFO 16340 --- [main] c.i.p.IngerenciaPostulacionApplication   : Starting IngerenciaPostulacionApplication v0.0.1-SNAPSHOT using Java 17.0.1 on DESKTOP-TUF16R8 with PID 16340 (C:\Users\xinop\OneDrive\Documents\dev\ingerencia-postulacion\target\postulacion-0.0.1-SNAPSHOT.jar started by xinop in C:\Users\xinop\OneDrive\Documents\dev\ingerencia-postulacion)
2022-01-18 02:29:25.678  INFO 16340 --- [main] c.i.p.IngerenciaPostulacionApplication   : No active profile set, falling back to default profiles: default
2022-01-18 02:29:26.312  INFO 16340 --- [main] o.s.cloud.context.scope.GenericScope     : BeanFactory id=ed972adb-d6f5-319e-bb53-87b61cb5d5e0
2022-01-18 02:29:26.582  INFO 16340 --- [main] o.s.b.w.embedded.tomcat.TomcatWebServer  : Tomcat initialized with port(s): 8080 (http)
2022-01-18 02:29:26.592  INFO 16340 --- [main] o.apache.catalina.core.StandardService   : Starting service [Tomcat]
2022-01-18 02:29:26.592  INFO 16340 --- [main] org.apache.catalina.core.StandardEngine  : Starting Servlet engine: [Apache Tomcat/9.0.56]
2022-01-18 02:29:26.633  INFO 16340 --- [main] o.a.c.c.C.[Tomcat].[localhost].[/api]    : Initializing Spring embedded WebApplicationContext
2022-01-18 02:29:26.634  INFO 16340 --- [main] w.s.c.ServletWebServerApplicationContext : Root WebApplicationContext: initialization completed in 911 ms
2022-01-18 02:29:27.269  INFO 16340 --- [main] o.s.b.w.embedded.tomcat.TomcatWebServer  : Tomcat started on port(s): 8080 (http) with context path '/api'
2022-01-18 02:29:27.459  INFO 16340 --- [main] c.i.p.IngerenciaPostulacionApplication   : Started IngerenciaPostulacionApplication in 2.198 seconds (JVM running for 2.722)
2022-01-18 02:29:32.431  INFO 16340 --- [http-nio-8080-exec-1] o.a.c.c.C.[Tomcat].[localhost].[/api]    : Initializing Spring DispatcherServlet 'dispatcherServlet'
2022-01-18 02:29:32.432  INFO 16340 --- [http-nio-8080-exec-1] o.s.web.servlet.DispatcherServlet        : Initializing Servlet 'dispatcherServlet'
2022-01-18 02:29:32.433  INFO 16340 --- [http-nio-8080-exec-1] o.s.web.servlet.DispatcherServlet        : Completed initialization in 1 ms
